Using pre-set license
Built from '2022.1/staging' branch; Version is '2022.1.16f1 (7321c9670bc2) revision 7545289'; Using compiler version '192829333'; Build Type 'Release'
OS: 'Windows 10  (10.0.19044) 64bit Professional' Language: 'ru' Physical Memory: 32699 MB
BatchMode: 1, IsHumanControllingUs: 0, StartBugReporterOnCrash: 0, Is64bit: 1, IsPro: 1

COMMAND LINE ARGUMENTS:
C:\Program Files\Unity\Hub\Editor\2022.1.16f1\Editor\Unity.exe
-adb2
-batchMode
-noUpm
-name
AssetImportWorker2
-projectPath
D:/Unity/ShadersLib
-logFile
Logs/AssetImportWorker2.log
-srvPort
64378
Successfully changed project path to: D:/Unity/ShadersLib
D:/Unity/ShadersLib
[UnityMemory] Configuration Parameters - Can be set up in boot.config
    "memorysetup-bucket-allocator-granularity=16"
    "memorysetup-bucket-allocator-bucket-count=8"
    "memorysetup-bucket-allocator-block-size=33554432"
    "memorysetup-bucket-allocator-block-count=8"
    "memorysetup-main-allocator-block-size=16777216"
    "memorysetup-thread-allocator-block-size=16777216"
    "memorysetup-gfx-main-allocator-block-size=16777216"
    "memorysetup-gfx-thread-allocator-block-size=16777216"
    "memorysetup-cache-allocator-block-size=4194304"
    "memorysetup-typetree-allocator-block-size=2097152"
    "memorysetup-profiler-bucket-allocator-granularity=16"
    "memorysetup-profiler-bucket-allocator-bucket-count=8"
    "memorysetup-profiler-bucket-allocator-block-size=33554432"
    "memorysetup-profiler-bucket-allocator-block-count=8"
    "memorysetup-profiler-allocator-block-size=16777216"
    "memorysetup-profiler-editor-allocator-block-size=1048576"
    "memorysetup-temp-allocator-size-main=16777216"
    "memorysetup-job-temp-allocator-block-size=2097152"
    "memorysetup-job-temp-allocator-block-size-background=1048576"
    "memorysetup-job-temp-allocator-reduction-small-platforms=262144"
    "memorysetup-temp-allocator-size-background-worker=32768"
    "memorysetup-temp-allocator-size-job-worker=262144"
    "memorysetup-temp-allocator-size-preload-manager=33554432"
    "memorysetup-temp-allocator-size-nav-mesh-worker=65536"
    "memorysetup-temp-allocator-size-audio-worker=65536"
    "memorysetup-temp-allocator-size-cloud-worker=32768"
    "memorysetup-temp-allocator-size-gi-baking-worker=262144"
    "memorysetup-temp-allocator-size-gfx=262144"
Refreshing native plugins compatible for Editor in 140.57 ms, found 2 plugins.
Preloading 0 native plugins for Editor in 0.00 ms.
Initialize engine version: 2022.1.16f1 (7321c9670bc2)
[Subsystems] Discovering subsystems at path C:/Program Files/Unity/Hub/Editor/2022.1.16f1/Editor/Data/Resources/UnitySubsystems
[Subsystems] Discovering subsystems at path D:/Unity/ShadersLib/Assets
GfxDevice: creating device client; threaded=0; jobified=0
Direct3D:
    Version:  Direct3D 11.0 [level 11.1]
    Renderer: NVIDIA GeForce GTX 1050 Ti (ID=0x1c82)
    Vendor:   NVIDIA
    VRAM:     4017 MB
    Driver:   31.0.15.2686
Initialize mono
Mono path[0] = 'C:/Program Files/Unity/Hub/Editor/2022.1.16f1/Editor/Data/Managed'
Mono path[1] = 'C:/Program Files/Unity/Hub/Editor/2022.1.16f1/Editor/Data/MonoBleedingEdge/lib/mono/unityjit-win32'
Mono config path = 'C:/Program Files/Unity/Hub/Editor/2022.1.16f1/Editor/Data/MonoBleedingEdge/etc'
Using monoOptions --debugger-agent=transport=dt_socket,embedding=1,server=y,suspend=n,address=127.0.0.1:56324
Begin MonoManager ReloadAssembly
Registering precompiled unity dll's ...
Register platform support module: C:/Program Files/Unity/Hub/Editor/2022.1.16f1/Editor/Data/PlaybackEngines/WindowsStandaloneSupport/UnityEditor.WindowsStandalone.Extensions.dll
Registered in 0.011288 seconds.
Native extension for WindowsStandalone target not found
Refreshing native plugins compatible for Editor in 113.81 ms, found 2 plugins.
Preloading 0 native plugins for Editor in 0.00 ms.
Mono: successfully reloaded assembly
- Completed reload, in  0.905 seconds
Domain Reload Profiling:
	ReloadAssembly (905ms)
		BeginReloadAssembly (109ms)
			ExecutionOrderSort (0ms)
			DisableScriptedObjects (0ms)
			BackupInstance (0ms)
			ReleaseScriptingObjects (0ms)
			CreateAndSetChildDomain (1ms)
		EndReloadAssembly (644ms)
			LoadAssemblies (105ms)
			RebuildTransferFunctionScriptingTraits (0ms)
			SetupTypeCache (164ms)
				TypeCache.Initialize (163ms)
					TypeCache.ScanAssembly (161ms)
				ResolveRequiredComponents (1ms)
			ReleaseScriptCaches (0ms)
			RebuildScriptCaches (37ms)
			SetupLoadedEditorAssemblies (367ms)
				LogAssemblyErrors (0ms)
				InitializePlatformSupportModulesInManaged (11ms)
				SetLoadedEditorAssemblies (8ms)
				RefreshPlugins (114ms)
				BeforeProcessingInitializeOnLoad (2ms)
				ProcessInitializeOnLoadAttributes (173ms)
				ProcessInitializeOnLoadMethodAttributes (60ms)
				AfterProcessingInitializeOnLoad (0ms)
				EditorAssembliesLoaded (0ms)
			ExecutionOrderSort2 (0ms)
			AwakeInstancesAfterBackupRestoration (0ms)
Platform modules already initialized, skipping
Registering precompiled user dll's ...
Registered in 0.006253 seconds.
Begin MonoManager ReloadAssembly
Native extension for WindowsStandalone target not found
Refreshing native plugins compatible for Editor in 139.67 ms, found 2 plugins.
Preloading 0 native plugins for Editor in 0.00 ms.
Mono: successfully reloaded assembly
- Completed reload, in  1.829 seconds
Domain Reload Profiling:
	ReloadAssembly (1830ms)
		BeginReloadAssembly (145ms)
			ExecutionOrderSort (0ms)
			DisableScriptedObjects (7ms)
			BackupInstance (0ms)
			ReleaseScriptingObjects (0ms)
			CreateAndSetChildDomain (21ms)
		EndReloadAssembly (1558ms)
			LoadAssemblies (111ms)
			RebuildTransferFunctionScriptingTraits (0ms)
			SetupTypeCache (334ms)
				TypeCache.Initialize (321ms)
					TypeCache.ScanAssembly (315ms)
				ResolveRequiredComponents (13ms)
			ReleaseScriptCaches (1ms)
			RebuildScriptCaches (117ms)
			SetupLoadedEditorAssemblies (928ms)
				LogAssemblyErrors (0ms)
				InitializePlatformSupportModulesInManaged (17ms)
				SetLoadedEditorAssemblies (7ms)
				RefreshPlugins (140ms)
				BeforeProcessingInitializeOnLoad (140ms)
				ProcessInitializeOnLoadAttributes (466ms)
				ProcessInitializeOnLoadMethodAttributes (144ms)
				AfterProcessingInitializeOnLoad (14ms)
				EditorAssembliesLoaded (0ms)
			ExecutionOrderSort2 (0ms)
			AwakeInstancesAfterBackupRestoration (8ms)
Platform modules already initialized, skipping
========================================================================
Worker process is ready to serve import requests
Launched and connected shader compiler UnityShaderCompiler.exe after 0.06 seconds
Refreshing native plugins compatible for Editor in 1.57 ms, found 2 plugins.
Preloading 0 native plugins for Editor in 0.00 ms.
Unloading 5175 Unused Serialized files (Serialized files now loaded: 0)
Unloading 52 unused Assets / (1.5 MB). Loaded Objects now: 5651.
Memory consumption went from 0.85 GB to 0.84 GB.
Total: 5.446400 ms (FindLiveObjects: 0.557000 ms CreateObjectMapping: 0.209700 ms MarkObjects: 4.185100 ms  DeleteObjects: 0.493500 ms)

AssetImportParameters requested are different than current active one (requested -> active):
  custom:video-decoder-ogg-theora: a1e56fd34408186e4bbccfd4996cb3dc -> 
  custom:container-muxer-webm: aa71ff27fc2769a1b78a27578f13a17b -> 
  custom:container-demuxer-webm: 4f35f7cbe854078d1ac9338744f61a02 -> 
  custom:video-encoder-webm-vp8: eb34c28f22e8b96e1ab97ce403110664 -> 
  custom:audio-encoder-webm-vorbis: bf7c407c2cedff20999df2af8eb42d56 -> 
  custom:framework-win-MediaFoundation: 216162199b28c13a410421893ffa2e32 -> 
  custom:container-demuxer-ogg: 62fdf1f143b41e24485cea50d1cbac27 -> 
  custom:video-decoder-webm-vp8: 9c59270c3fd7afecdb556c50c9e8de78 -> 
  custom:audio-decoder-ogg-vorbis: bf7c407c2cedff20999df2af8eb42d56 -> 
========================================================================
Received Import Request.
  Time since last request: 1215437.557368 seconds.
  path: Assets/Shaders/NoGraph/USB_ZoomEffect.mat
  artifactKey: Guid(15228525cdcd41343b17352eaad7f4e5) Importer(815301076,1909f56bfc062723c751e8b465ee728b)
Start importing Assets/Shaders/NoGraph/USB_ZoomEffect.mat using Guid(15228525cdcd41343b17352eaad7f4e5) Importer(815301076,1909f56bfc062723c751e8b465ee728b)  -> (artifact id: 'f9847ef62ae9d7b284f61287923b625b') in 0.365231 seconds 
========================================================================
Received Import Request.
  Time since last request: 287.176621 seconds.
  path: Assets/Shaders/NoGraph/USB_ZoomEffect.mat
  artifactKey: Guid(15228525cdcd41343b17352eaad7f4e5) Importer(815301076,1909f56bfc062723c751e8b465ee728b)
Start importing Assets/Shaders/NoGraph/USB_ZoomEffect.mat using Guid(15228525cdcd41343b17352eaad7f4e5) Importer(815301076,1909f56bfc062723c751e8b465ee728b)  -> (artifact id: '87a0843176b2cbf4f9555c612e2421c5') in 0.024332 seconds 
========================================================================
Received Import Request.
  Time since last request: 394.775146 seconds.
  path: Assets/Shaders/NoGraph/ZoomEffect 1.shader
  artifactKey: Guid(42968b6a811cf7445a43104ed27ca73b) Importer(815301076,1909f56bfc062723c751e8b465ee728b)
Start importing Assets/Shaders/NoGraph/ZoomEffect 1.shader using Guid(42968b6a811cf7445a43104ed27ca73b) Importer(815301076,1909f56bfc062723c751e8b465ee728b)  -> (artifact id: 'eb16e7d706c34e308243be699c84953c') in 0.012305 seconds 
========================================================================
Received Import Request.
  Time since last request: 5.955316 seconds.
  path: Assets/Shaders/NoGraph/SinCos.shader
  artifactKey: Guid(42968b6a811cf7445a43104ed27ca73b) Importer(815301076,1909f56bfc062723c751e8b465ee728b)
Start importing Assets/Shaders/NoGraph/SinCos.shader using Guid(42968b6a811cf7445a43104ed27ca73b) Importer(815301076,1909f56bfc062723c751e8b465ee728b)  -> (artifact id: '9b5b761c453b25f37bca148a3099b6ed') in 0.007739 seconds 
========================================================================
Received Import Request.
  Time since last request: 62.902533 seconds.
  path: Assets/Shaders/NoGraph/SinCos.shader
  artifactKey: Guid(42968b6a811cf7445a43104ed27ca73b) Importer(815301076,1909f56bfc062723c751e8b465ee728b)
Start importing Assets/Shaders/NoGraph/SinCos.shader using Guid(42968b6a811cf7445a43104ed27ca73b) Importer(815301076,1909f56bfc062723c751e8b465ee728b)  -> (artifact id: '7b1f35b37c63b6278f5a129c867b4f77') in 0.003922 seconds 
========================================================================
Received Import Request.
  Time since last request: 315.585397 seconds.
  path: Assets/Shaders/NoGraph/SinCos.shader
  artifactKey: Guid(42968b6a811cf7445a43104ed27ca73b) Importer(815301076,1909f56bfc062723c751e8b465ee728b)
Start importing Assets/Shaders/NoGraph/SinCos.shader using Guid(42968b6a811cf7445a43104ed27ca73b) Importer(815301076,1909f56bfc062723c751e8b465ee728b)  -> (artifact id: '287aac73cfc53c78b0229530e9abb692') in 0.003267 seconds 
========================================================================
Received Import Request.
  Time since last request: 411.436795 seconds.
  path: Assets/Shaders/NoGraph/SinCos.shader
  artifactKey: Guid(42968b6a811cf7445a43104ed27ca73b) Importer(815301076,1909f56bfc062723c751e8b465ee728b)
Start importing Assets/Shaders/NoGraph/SinCos.shader using Guid(42968b6a811cf7445a43104ed27ca73b) Importer(815301076,1909f56bfc062723c751e8b465ee728b)  -> (artifact id: 'a3eb93ccf139d28d3237fb2dbbf11546') in 0.003185 seconds 
========================================================================
Received Import Request.
  Time since last request: 15.560275 seconds.
  path: Assets/Shaders/NoGraph/SinCos.shader
  artifactKey: Guid(42968b6a811cf7445a43104ed27ca73b) Importer(815301076,1909f56bfc062723c751e8b465ee728b)
Start importing Assets/Shaders/NoGraph/SinCos.shader using Guid(42968b6a811cf7445a43104ed27ca73b) Importer(815301076,1909f56bfc062723c751e8b465ee728b)  -> (artifact id: '012e915c0b828f3a3309dd3abe5f0f2f') in 0.008117 seconds 
========================================================================
Received Import Request.
  Time since last request: 9.941225 seconds.
  path: Assets/Shaders/NoGraph/SinCos.shader
  artifactKey: Guid(42968b6a811cf7445a43104ed27ca73b) Importer(815301076,1909f56bfc062723c751e8b465ee728b)
Start importing Assets/Shaders/NoGraph/SinCos.shader using Guid(42968b6a811cf7445a43104ed27ca73b) Importer(815301076,1909f56bfc062723c751e8b465ee728b)  -> (artifact id: '78aa9d011e3c809171acc76dec12e721') in 0.157548 seconds 
========================================================================
Received Import Request.
  Time since last request: 5.437927 seconds.
  path: Assets/Shaders/NoGraph/USB_SinCos.mat
  artifactKey: Guid(ac1304922ecdcb3458f4d078ff4a9a97) Importer(815301076,1909f56bfc062723c751e8b465ee728b)
Start importing Assets/Shaders/NoGraph/USB_SinCos.mat using Guid(ac1304922ecdcb3458f4d078ff4a9a97) Importer(815301076,1909f56bfc062723c751e8b465ee728b)  -> (artifact id: '7259d12536a4ef425c2831a0cf9ca298') in 0.185977 seconds 
========================================================================
Received Import Request.
  Time since last request: 21.073424 seconds.
  path: Assets/Models/Avatars/CharactersOneMat/GirlWoman/GirlWomanMask.fbx
  artifactKey: Guid(b0ada359881c74845ad7d4f4f7df3cb9) Importer(815301076,1909f56bfc062723c751e8b465ee728b)
Start importing Assets/Models/Avatars/CharactersOneMat/GirlWoman/GirlWomanMask.fbx using Guid(b0ada359881c74845ad7d4f4f7df3cb9) Importer(815301076,1909f56bfc062723c751e8b465ee728b)  -> (artifact id: '4f3ed099863b96c56eceaffd115c8edd') in 0.157359 seconds 
========================================================================
Received Import Request.
  Time since last request: 0.000023 seconds.
  path: Assets/Models/CharachterAvatars/BoyUVNew.fbx
  artifactKey: Guid(3b038c52111971c488170008b31416e6) Importer(815301076,1909f56bfc062723c751e8b465ee728b)
Start importing Assets/Models/CharachterAvatars/BoyUVNew.fbx using Guid(3b038c52111971c488170008b31416e6) Importer(815301076,1909f56bfc062723c751e8b465ee728b)  -> (artifact id: '1b4067fcd3ba716f496a41170a84b1ec') in 0.189003 seconds 
========================================================================
Received Import Request.
  Time since last request: 49.319510 seconds.
  path: Assets/Shaders/NoGraph/USB_SinCos.mat
  artifactKey: Guid(ac1304922ecdcb3458f4d078ff4a9a97) Importer(815301076,1909f56bfc062723c751e8b465ee728b)
Start importing Assets/Shaders/NoGraph/USB_SinCos.mat using Guid(ac1304922ecdcb3458f4d078ff4a9a97) Importer(815301076,1909f56bfc062723c751e8b465ee728b)  -> (artifact id: '09a9194126676782dc95d4cd6d1e410e') in 0.029449 seconds 
