Using pre-set license
Built from '2020.3/staging' branch; Version is '2020.3.14f1 (d0d1bb862f9d) revision 13685179'; Using compiler version '192528614'; Build Type 'Release'
OS: 'Windows 10 Pro; OS build 19041.1165; Version 2004; 64bit' Language: 'ru' Physical Memory: 16315 MB
BatchMode: 1, IsHumanControllingUs: 0, StartBugReporterOnCrash: 0, Is64bit: 1, IsPro: 0

 COMMAND LINE ARGUMENTS:
C:\Program Files\Unity\Hub\Editor\2020.3.14f1\Editor\Unity.exe
-adb2
-batchMode
-noUpm
-name
AssetImportWorker0
-projectPath
D:/Unity/ShadersLib
-logFile
Logs/AssetImportWorker0.log
-srvPort
52689
Successfully changed project path to: D:/Unity/ShadersLib
D:/Unity/ShadersLib
Using Asset Import Pipeline V2.
Refreshing native plugins compatible for Editor in 53.11 ms, found 2 plugins.
Preloading 0 native plugins for Editor in 0.00 ms.
Initialize engine version: 2020.3.14f1 (d0d1bb862f9d)
[Subsystems] Discovering subsystems at path C:/Program Files/Unity/Hub/Editor/2020.3.14f1/Editor/Data/Resources/UnitySubsystems
[Subsystems] Discovering subsystems at path D:/Unity/ShadersLib/Assets
GfxDevice: creating device client; threaded=0
Direct3D:
    Version:  Direct3D 11.0 [level 11.1]
    Renderer: NVIDIA GeForce GTX 1050 Ti (ID=0x1c82)
    Vendor:   
    VRAM:     4018 MB
    Driver:   27.21.14.6611
Initialize mono
Mono path[0] = 'C:/Program Files/Unity/Hub/Editor/2020.3.14f1/Editor/Data/Managed'
Mono path[1] = 'C:/Program Files/Unity/Hub/Editor/2020.3.14f1/Editor/Data/MonoBleedingEdge/lib/mono/unityjit'
Mono config path = 'C:/Program Files/Unity/Hub/Editor/2020.3.14f1/Editor/Data/MonoBleedingEdge/etc'
Using monoOptions --debugger-agent=transport=dt_socket,embedding=1,server=y,suspend=n,address=127.0.0.1:56276
Begin MonoManager ReloadAssembly
Registering precompiled unity dll's ...
Register platform support module: C:/Program Files/Unity/Hub/Editor/2020.3.14f1/Editor/Data/PlaybackEngines/WindowsStandaloneSupport/UnityEditor.WindowsStandalone.Extensions.dll
Registered in 0.002572 seconds.
Native extension for WindowsStandalone target not found
Refreshing native plugins compatible for Editor in 57.37 ms, found 2 plugins.
Preloading 0 native plugins for Editor in 0.00 ms.
Mono: successfully reloaded assembly
- Completed reload, in  2.503 seconds
Domain Reload Profiling:
	ReloadAssembly (2503ms)
		BeginReloadAssembly (63ms)
			ExecutionOrderSort (0ms)
			DisableScriptedObjects (0ms)
			BackupInstance (0ms)
			ReleaseScriptingObjects (0ms)
			CreateAndSetChildDomain (1ms)
		EndReloadAssembly (499ms)
			LoadAssemblies (59ms)
			RebuildTransferFunctionScriptingTraits (0ms)
			SetupTypeCache (175ms)
			ReleaseScriptCaches (0ms)
			RebuildScriptCaches (37ms)
			SetupLoadedEditorAssemblies (207ms)
				LogAssemblyErrors (0ms)
				InitializePlatformSupportModulesInManaged (5ms)
				SetLoadedEditorAssemblies (0ms)
				RefreshPlugins (57ms)
				BeforeProcessingInitializeOnLoad (18ms)
				ProcessInitializeOnLoadAttributes (94ms)
				ProcessInitializeOnLoadMethodAttributes (33ms)
				AfterProcessingInitializeOnLoad (0ms)
				EditorAssembliesLoaded (0ms)
			ExecutionOrderSort2 (0ms)
			AwakeInstancesAfterBackupRestoration (0ms)
Platform modules already initialized, skipping
Registering precompiled user dll's ...
Registered in 0.003754 seconds.
Begin MonoManager ReloadAssembly
Native extension for WindowsStandalone target not found
Refreshing native plugins compatible for Editor in 57.21 ms, found 2 plugins.
Preloading 0 native plugins for Editor in 0.00 ms.
Mono: successfully reloaded assembly
- Completed reload, in  1.307 seconds
Domain Reload Profiling:
	ReloadAssembly (1308ms)
		BeginReloadAssembly (168ms)
			ExecutionOrderSort (0ms)
			DisableScriptedObjects (6ms)
			BackupInstance (0ms)
			ReleaseScriptingObjects (0ms)
			CreateAndSetChildDomain (19ms)
		EndReloadAssembly (1066ms)
			LoadAssemblies (105ms)
			RebuildTransferFunctionScriptingTraits (0ms)
			SetupTypeCache (362ms)
			ReleaseScriptCaches (1ms)
			RebuildScriptCaches (54ms)
			SetupLoadedEditorAssemblies (403ms)
				LogAssemblyErrors (0ms)
				InitializePlatformSupportModulesInManaged (4ms)
				SetLoadedEditorAssemblies (0ms)
				RefreshPlugins (57ms)
				BeforeProcessingInitializeOnLoad (106ms)
				ProcessInitializeOnLoadAttributes (220ms)
				ProcessInitializeOnLoadMethodAttributes (6ms)
				AfterProcessingInitializeOnLoad (9ms)
				EditorAssembliesLoaded (0ms)
			ExecutionOrderSort2 (0ms)
			AwakeInstancesAfterBackupRestoration (8ms)
Platform modules already initialized, skipping
========================================================================
Worker process is ready to serve import requests
Shader 'Universal Render Pipeline/Particles/Lit': fallback shader 'Universal Render Pipeline/Particles/SimpleLit' not found
Shader 'Universal Render Pipeline/Particles/Lit': fallback shader 'Universal Render Pipeline/Particles/SimpleLit' not found
Launched and connected shader compiler UnityShaderCompiler.exe after 0.05 seconds
Refreshing native plugins compatible for Editor in 0.77 ms, found 2 plugins.
Preloading 0 native plugins for Editor in 0.00 ms.
Unloading 2697 Unused Serialized files (Serialized files now loaded: 0)
System memory in use before: 122.8 MB.
System memory in use after: 120.1 MB.

Unloading 52 unused Assets to reduce memory usage. Loaded Objects now: 3099.
Total: 5.410000 ms (FindLiveObjects: 0.435600 ms CreateObjectMapping: 0.105400 ms MarkObjects: 3.031900 ms  DeleteObjects: 1.835200 ms)

AssetImportParameters requested are different than current active one (requested -> active):
  custom:framework-win-MediaFoundation: 216162199b28c13a410421893ffa2e32 -> 
  custom:video-decoder-ogg-theora: a1e56fd34408186e4bbccfd4996cb3dc -> 
  custom:container-muxer-webm: aa71ff27fc2769a1b78a27578f13a17b -> 
  custom:container-demuxer-webm: 4f35f7cbe854078d1ac9338744f61a02 -> 
  custom:container-demuxer-ogg: 62fdf1f143b41e24485cea50d1cbac27 -> 
  custom:video-encoder-webm-vp8: eb34c28f22e8b96e1ab97ce403110664 -> 
  custom:video-decoder-webm-vp8: 9c59270c3fd7afecdb556c50c9e8de78 -> 
  custom:audio-decoder-ogg-vorbis: bf7c407c2cedff20999df2af8eb42d56 -> 
  custom:audio-encoder-webm-vorbis: bf7c407c2cedff20999df2af8eb42d56 -> 
========================================================================
Received Import Request.
  path: Assets/Models
  artifactKey: Guid(ce7f39ec764cea24694b2ad108bcf78f) Importer(815301076,1909f56bfc062723c751e8b465ee728b)
Start importing Assets/Models using Guid(ce7f39ec764cea24694b2ad108bcf78f) Importer(815301076,1909f56bfc062723c751e8b465ee728b)  -> (artifact id: 'b550198549d070e9d3db1e3bb602d465') in 0.054202 seconds 
  Import took 0.058897 seconds .

========================================================================
Received Import Request.
  Time since last request: 24.998236 seconds.
  path: Assets/Models/tube test.fbx
  artifactKey: Guid(be6dce66a373b094291693da5f7dfa50) Importer(815301076,1909f56bfc062723c751e8b465ee728b)
Start importing Assets/Models/tube test.fbx using Guid(be6dce66a373b094291693da5f7dfa50) Importer(815301076,1909f56bfc062723c751e8b465ee728b)  -> (artifact id: 'c0ef358fe3d14eabc0dfb2f23263d894') in 0.534936 seconds 
  Import took 0.540063 seconds .

========================================================================
Received Import Request.
  Time since last request: 121.624701 seconds.
  path: Assets/Shaders/Lava.mat
  artifactKey: Guid(fac887dbd0b9fbb49837a573981d3172) Importer(815301076,1909f56bfc062723c751e8b465ee728b)
Start importing Assets/Shaders/Lava.mat using Guid(fac887dbd0b9fbb49837a573981d3172) Importer(815301076,1909f56bfc062723c751e8b465ee728b)  -> (artifact id: '4dd19559ebeaf16fc35cb7ac6a99bad9') in 0.052895 seconds 
  Import took 0.088408 seconds .

========================================================================
Received Import Request.
  Time since last request: 11.103559 seconds.
  path: Assets/Shaders/TubeDisplacement.shadergraph
  artifactKey: Guid(383d2f6cd7aa15748a6e38b8d36f1662) Importer(815301076,1909f56bfc062723c751e8b465ee728b)
Start importing Assets/Shaders/TubeDisplacement.shadergraph using Guid(383d2f6cd7aa15748a6e38b8d36f1662) Importer(815301076,1909f56bfc062723c751e8b465ee728b)  -> (artifact id: '9aee3a10dd3ad89de63d31c2c19f233f') in 0.012858 seconds 
  Import took 0.017944 seconds .

========================================================================
Received Import Request.
  Time since last request: 1.014730 seconds.
  path: Assets/Shaders/TubeDisplacement.shadergraph
  artifactKey: Guid(383d2f6cd7aa15748a6e38b8d36f1662) Importer(815301076,1909f56bfc062723c751e8b465ee728b)
Start importing Assets/Shaders/TubeDisplacement.shadergraph using Guid(383d2f6cd7aa15748a6e38b8d36f1662) Importer(815301076,1909f56bfc062723c751e8b465ee728b)  -> (artifact id: '9aee3a10dd3ad89de63d31c2c19f233f') in 0.003758 seconds 
  Import took 0.010483 seconds .

========================================================================
Received Import Request.
  Time since last request: 111.094467 seconds.
  path: Assets/Shaders/TubeDisplacement.shadergraph
  artifactKey: Guid(383d2f6cd7aa15748a6e38b8d36f1662) Importer(815301076,1909f56bfc062723c751e8b465ee728b)
Start importing Assets/Shaders/TubeDisplacement.shadergraph using Guid(383d2f6cd7aa15748a6e38b8d36f1662) Importer(815301076,1909f56bfc062723c751e8b465ee728b)  -> (artifact id: '4f8050db8229404bb39bbac4304f5903') in 0.003437 seconds 
  Import took 0.008431 seconds .

========================================================================
Received Import Request.
  Time since last request: 7.809274 seconds.
  path: Assets/Shaders/Displacement.mat
  artifactKey: Guid(f1e51853412ed174f854a7bad1312671) Importer(815301076,1909f56bfc062723c751e8b465ee728b)
Start importing Assets/Shaders/Displacement.mat using Guid(f1e51853412ed174f854a7bad1312671) Importer(815301076,1909f56bfc062723c751e8b465ee728b)  -> (artifact id: '61d5f4c2a5f65b228ff67f3d077245e3') in 0.051961 seconds 
  Import took 0.056492 seconds .

========================================================================
Received Import Request.
  Time since last request: 333.173396 seconds.
  path: Assets/Models/tube test 1.fbx
  artifactKey: Guid(de398719571b93448a0c5dde99fedb7c) Importer(815301076,1909f56bfc062723c751e8b465ee728b)
Start importing Assets/Models/tube test 1.fbx using Guid(de398719571b93448a0c5dde99fedb7c) Importer(815301076,1909f56bfc062723c751e8b465ee728b)  -> (artifact id: 'd273f18bf57d9675d1d3e85e822b509c') in 0.021339 seconds 
  Import took 0.025799 seconds .

========================================================================
Received Import Request.
  Time since last request: 467.311405 seconds.
  path: Assets/Models/tube test 2.fbx
  artifactKey: Guid(f893601ab33fb66459545f744f288248) Importer(815301076,1909f56bfc062723c751e8b465ee728b)
Start importing Assets/Models/tube test 2.fbx using Guid(f893601ab33fb66459545f744f288248) Importer(815301076,1909f56bfc062723c751e8b465ee728b)  -> (artifact id: '01d06c4cb8b8b1dc5be87b123b80e2b3') in 0.019877 seconds 
  Import took 0.024407 seconds .

========================================================================
Received Import Request.
  Time since last request: 693.723132 seconds.
  path: Assets/Shaders/tube test.fbx
  artifactKey: Guid(7adeaa98fbea6534bb3c7640a53258a8) Importer(815301076,1909f56bfc062723c751e8b465ee728b)
Start importing Assets/Shaders/tube test.fbx using Guid(7adeaa98fbea6534bb3c7640a53258a8) Importer(815301076,1909f56bfc062723c751e8b465ee728b)  -> (artifact id: '9a0ce87c95ddf47528d5fea3a0b48927') in 0.017015 seconds 
  Import took 0.021734 seconds .

========================================================================
Received Import Request.
  Time since last request: 119.558011 seconds.
  path: Assets/Models/tube test 3.fbx
  artifactKey: Guid(750ebd2113e7057449c6ddae81967a87) Importer(815301076,1909f56bfc062723c751e8b465ee728b)
Start importing Assets/Models/tube test 3.fbx using Guid(750ebd2113e7057449c6ddae81967a87) Importer(815301076,1909f56bfc062723c751e8b465ee728b)  -> (artifact id: '64331fb42ec3ff610a4241a8c87dd055') in 0.017579 seconds 
  Import took 0.021681 seconds .

AssetImportWorkerClient::OnTransportError - code=2 error=End of file
