Using pre-set license
Built from '2021.3/staging' branch; Version is '2021.3.3f1 (af2e63e8f9bd) revision 11480675'; Using compiler version '192829333'; Build Type 'Release'
OS: 'Windows 10  (10.0.19044) 64bit Professional' Language: 'ru' Physical Memory: 16315 MB
BatchMode: 1, IsHumanControllingUs: 0, StartBugReporterOnCrash: 0, Is64bit: 1, IsPro: 1

COMMAND LINE ARGUMENTS:
C:\Program Files\Unity\Hub\Editor\2021.3.3f1\Editor\Unity.exe
-adb2
-batchMode
-noUpm
-name
AssetImportWorker6
-projectPath
D:/Unity/ShadersLib
-logFile
Logs/AssetImportWorker6.log
-srvPort
59336
Successfully changed project path to: D:/Unity/ShadersLib
D:/Unity/ShadersLib
[UnityMemory] Configuration Parameters - Can be set up in boot.config
    "memorysetup-bucket-allocator-granularity=16"
    "memorysetup-bucket-allocator-bucket-count=8"
    "memorysetup-bucket-allocator-block-size=33554432"
    "memorysetup-bucket-allocator-block-count=8"
    "memorysetup-main-allocator-block-size=16777216"
    "memorysetup-thread-allocator-block-size=16777216"
    "memorysetup-gfx-main-allocator-block-size=16777216"
    "memorysetup-gfx-thread-allocator-block-size=16777216"
    "memorysetup-cache-allocator-block-size=4194304"
    "memorysetup-typetree-allocator-block-size=2097152"
    "memorysetup-profiler-bucket-allocator-granularity=16"
    "memorysetup-profiler-bucket-allocator-bucket-count=8"
    "memorysetup-profiler-bucket-allocator-block-size=33554432"
    "memorysetup-profiler-bucket-allocator-block-count=8"
    "memorysetup-profiler-allocator-block-size=16777216"
    "memorysetup-profiler-editor-allocator-block-size=1048576"
    "memorysetup-temp-allocator-size-main=16777216"
    "memorysetup-job-temp-allocator-block-size=2097152"
    "memorysetup-job-temp-allocator-block-size-background=1048576"
    "memorysetup-job-temp-allocator-reduction-small-platforms=262144"
    "memorysetup-temp-allocator-size-background-worker=32768"
    "memorysetup-temp-allocator-size-job-worker=262144"
    "memorysetup-temp-allocator-size-preload-manager=33554432"
    "memorysetup-temp-allocator-size-nav-mesh-worker=65536"
    "memorysetup-temp-allocator-size-audio-worker=65536"
    "memorysetup-temp-allocator-size-cloud-worker=32768"
    "memorysetup-temp-allocator-size-gi-baking-worker=262144"
    "memorysetup-temp-allocator-size-gfx=262144"
Refreshing native plugins compatible for Editor in 102.26 ms, found 2 plugins.
Preloading 0 native plugins for Editor in 0.00 ms.
Initialize engine version: 2021.3.3f1 (af2e63e8f9bd)
[Subsystems] Discovering subsystems at path C:/Program Files/Unity/Hub/Editor/2021.3.3f1/Editor/Data/Resources/UnitySubsystems
[Subsystems] Discovering subsystems at path D:/Unity/ShadersLib/Assets
GfxDevice: creating device client; threaded=0; jobified=0
Direct3D:
    Version:  Direct3D 11.0 [level 11.1]
    Renderer: NVIDIA GeForce GTX 1050 Ti (ID=0x1c82)
    Vendor:   NVIDIA
    VRAM:     4018 MB
    Driver:   31.0.15.1659
Initialize mono
Mono path[0] = 'C:/Program Files/Unity/Hub/Editor/2021.3.3f1/Editor/Data/Managed'
Mono path[1] = 'C:/Program Files/Unity/Hub/Editor/2021.3.3f1/Editor/Data/MonoBleedingEdge/lib/mono/unityjit-win32'
Mono config path = 'C:/Program Files/Unity/Hub/Editor/2021.3.3f1/Editor/Data/MonoBleedingEdge/etc'
Using monoOptions --debugger-agent=transport=dt_socket,embedding=1,server=y,suspend=n,address=127.0.0.1:56524
Begin MonoManager ReloadAssembly
Registering precompiled unity dll's ...
Register platform support module: C:/Program Files/Unity/Hub/Editor/2021.3.3f1/Editor/Data/PlaybackEngines/AndroidPlayer/UnityEditor.Android.Extensions.dll
Register platform support module: C:/Program Files/Unity/Hub/Editor/2021.3.3f1/Editor/Data/PlaybackEngines/WindowsStandaloneSupport/UnityEditor.WindowsStandalone.Extensions.dll
Registered in 0.015355 seconds.
Native extension for WindowsStandalone target not found
Native extension for Android target not found
Refreshing native plugins compatible for Editor in 100.48 ms, found 2 plugins.
Preloading 0 native plugins for Editor in 0.00 ms.
Mono: successfully reloaded assembly
- Completed reload, in  0.838 seconds
Domain Reload Profiling:
	ReloadAssembly (838ms)
		BeginReloadAssembly (110ms)
			ExecutionOrderSort (0ms)
			DisableScriptedObjects (0ms)
			BackupInstance (0ms)
			ReleaseScriptingObjects (0ms)
			CreateAndSetChildDomain (1ms)
		EndReloadAssembly (577ms)
			LoadAssemblies (107ms)
			RebuildTransferFunctionScriptingTraits (0ms)
			SetupTypeCache (134ms)
			ReleaseScriptCaches (0ms)
			RebuildScriptCaches (33ms)
			SetupLoadedEditorAssemblies (345ms)
				LogAssemblyErrors (0ms)
				InitializePlatformSupportModulesInManaged (72ms)
				SetLoadedEditorAssemblies (0ms)
				RefreshPlugins (101ms)
				BeforeProcessingInitializeOnLoad (2ms)
				ProcessInitializeOnLoadAttributes (117ms)
				ProcessInitializeOnLoadMethodAttributes (54ms)
				AfterProcessingInitializeOnLoad (0ms)
				EditorAssembliesLoaded (0ms)
			ExecutionOrderSort2 (0ms)
			AwakeInstancesAfterBackupRestoration (0ms)
Platform modules already initialized, skipping
Registering precompiled user dll's ...
Registered in 0.004813 seconds.
Begin MonoManager ReloadAssembly
Native extension for WindowsStandalone target not found
Native extension for Android target not found
Refreshing native plugins compatible for Editor in 116.05 ms, found 2 plugins.
Preloading 0 native plugins for Editor in 0.00 ms.
Mono: successfully reloaded assembly
- Completed reload, in  1.921 seconds
Domain Reload Profiling:
	ReloadAssembly (1922ms)
		BeginReloadAssembly (257ms)
			ExecutionOrderSort (0ms)
			DisableScriptedObjects (7ms)
			BackupInstance (0ms)
			ReleaseScriptingObjects (0ms)
			CreateAndSetChildDomain (126ms)
		EndReloadAssembly (1534ms)
			LoadAssemblies (124ms)
			RebuildTransferFunctionScriptingTraits (0ms)
			SetupTypeCache (313ms)
			ReleaseScriptCaches (1ms)
			RebuildScriptCaches (99ms)
			SetupLoadedEditorAssemblies (957ms)
				LogAssemblyErrors (0ms)
				InitializePlatformSupportModulesInManaged (26ms)
				SetLoadedEditorAssemblies (0ms)
				RefreshPlugins (116ms)
				BeforeProcessingInitializeOnLoad (133ms)
				ProcessInitializeOnLoadAttributes (553ms)
				ProcessInitializeOnLoadMethodAttributes (115ms)
				AfterProcessingInitializeOnLoad (14ms)
				EditorAssembliesLoaded (0ms)
			ExecutionOrderSort2 (0ms)
			AwakeInstancesAfterBackupRestoration (7ms)
Platform modules already initialized, skipping
========================================================================
Worker process is ready to serve import requests
Launched and connected shader compiler UnityShaderCompiler.exe after 0.07 seconds
Refreshing native plugins compatible for Editor in 1.14 ms, found 2 plugins.
Preloading 0 native plugins for Editor in 0.00 ms.
Unloading 4585 Unused Serialized files (Serialized files now loaded: 0)
Unloading 222 unused Assets / (9.3 MB). Loaded Objects now: 4948.
Memory consumption went from 220.7 MB to 211.4 MB.
Total: 9.024800 ms (FindLiveObjects: 0.479600 ms CreateObjectMapping: 0.144900 ms MarkObjects: 4.111700 ms  DeleteObjects: 4.287300 ms)

AssetImportParameters requested are different than current active one (requested -> active):
  custom:video-decoder-ogg-theora: a1e56fd34408186e4bbccfd4996cb3dc -> 
  custom:container-muxer-webm: aa71ff27fc2769a1b78a27578f13a17b -> 
  custom:container-demuxer-webm: 4f35f7cbe854078d1ac9338744f61a02 -> 
  custom:video-encoder-webm-vp8: eb34c28f22e8b96e1ab97ce403110664 -> 
  custom:audio-encoder-webm-vorbis: bf7c407c2cedff20999df2af8eb42d56 -> 
  custom:framework-win-MediaFoundation: 216162199b28c13a410421893ffa2e32 -> 
  custom:container-demuxer-ogg: 62fdf1f143b41e24485cea50d1cbac27 -> 
  custom:video-decoder-webm-vp8: 9c59270c3fd7afecdb556c50c9e8de78 -> 
  custom:audio-decoder-ogg-vorbis: bf7c407c2cedff20999df2af8eb42d56 -> 
========================================================================
Received Import Request.
  Time since last request: 188962.277268 seconds.
  path: Assets/VFX/VFX_graphs/WeatherVFX_snow.vfx
  artifactKey: Guid(051bcc0b991117548b91a16061a311cc) Importer(815301076,1909f56bfc062723c751e8b465ee728b)
Start importing Assets/VFX/VFX_graphs/WeatherVFX_snow.vfx using Guid(051bcc0b991117548b91a16061a311cc) Importer(815301076,1909f56bfc062723c751e8b465ee728b)  -> (artifact id: '642670426e586177c96fb1eecf3902c5') in 0.840890 seconds 
========================================================================
Received Import Request.
  Time since last request: 2992.391900 seconds.
  path: Assets/Textures/PBR/Snow/ugspafgdy_2K_AO.jpg
  artifactKey: Guid(2e47129b7ba7b134e9c74cfcac28246a) Importer(815301076,1909f56bfc062723c751e8b465ee728b)
Start importing Assets/Textures/PBR/Snow/ugspafgdy_2K_AO.jpg using Guid(2e47129b7ba7b134e9c74cfcac28246a) Importer(815301076,1909f56bfc062723c751e8b465ee728b)  -> (artifact id: '643904903bf9556ddbbd908d9cc58f51') in 0.099090 seconds 
========================================================================
Received Import Request.
  Time since last request: 0.000106 seconds.
  path: Assets/Textures/PBR/Snow/ugspafgdy_2K_Transmission.jpg
  artifactKey: Guid(b4a5295f50c4d5c48aa28c1a6315f5ff) Importer(815301076,1909f56bfc062723c751e8b465ee728b)
Start importing Assets/Textures/PBR/Snow/ugspafgdy_2K_Transmission.jpg using Guid(b4a5295f50c4d5c48aa28c1a6315f5ff) Importer(815301076,1909f56bfc062723c751e8b465ee728b)  -> (artifact id: 'af358f6f26b64bd1fd974dffe0a2133a') in 0.022405 seconds 
========================================================================
Received Import Request.
  Time since last request: 0.000033 seconds.
  path: Assets/Textures/PBR/Snow/ugspafgdy_2K_Roughness.jpg
  artifactKey: Guid(37269ca277273494ebebcc80c5c8f429) Importer(815301076,1909f56bfc062723c751e8b465ee728b)
Start importing Assets/Textures/PBR/Snow/ugspafgdy_2K_Roughness.jpg using Guid(37269ca277273494ebebcc80c5c8f429) Importer(815301076,1909f56bfc062723c751e8b465ee728b)  -> (artifact id: '964bd77f9d611344b93282639fa4fc2a') in 0.016502 seconds 
========================================================================
Received Import Request.
  Time since last request: 931.320410 seconds.
  path: Assets/Textures/PBR/Snow/ugspafgdy_2K_Normal.jpg
  artifactKey: Guid(67038da4c3c4e4f4a9f64e02b503d812) Importer(815301076,1909f56bfc062723c751e8b465ee728b)
Start importing Assets/Textures/PBR/Snow/ugspafgdy_2K_Normal.jpg using Guid(67038da4c3c4e4f4a9f64e02b503d812) Importer(815301076,1909f56bfc062723c751e8b465ee728b)  -> (artifact id: '53d0fbf7f18ddec7f59d3ba71165dc1d') in 0.026404 seconds 
========================================================================
Received Import Request.
  Time since last request: 246.924498 seconds.
  path: Assets/Textures/PBR/StreetTiles/vhjnchn_2K_Roughness.jpg
  artifactKey: Guid(2246efcfcfec5b74c9af7017a34b3a7d) Importer(815301076,1909f56bfc062723c751e8b465ee728b)
Start importing Assets/Textures/PBR/StreetTiles/vhjnchn_2K_Roughness.jpg using Guid(2246efcfcfec5b74c9af7017a34b3a7d) Importer(815301076,1909f56bfc062723c751e8b465ee728b)  -> (artifact id: '6e219676dff0df1bab136e35b72c8ba0') in 0.017454 seconds 
========================================================================
Received Import Request.
  Time since last request: 452.527953 seconds.
  path: Assets/Shaders/TextureMask.mat
  artifactKey: Guid(eaa3c4544a94fbe41b430b53ae3f583f) Importer(815301076,1909f56bfc062723c751e8b465ee728b)
Start importing Assets/Shaders/TextureMask.mat using Guid(eaa3c4544a94fbe41b430b53ae3f583f) Importer(815301076,1909f56bfc062723c751e8b465ee728b)  -> (artifact id: '63bbc07c700fc2f5e717f0445c564395') in 0.052255 seconds 
========================================================================
Received Import Request.
  Time since last request: 10.457953 seconds.
  path: Assets/Shaders/test.shadergraph
  artifactKey: Guid(41499cd5c7d67fd47ab46ae8fd9ab6fd) Importer(815301076,1909f56bfc062723c751e8b465ee728b)
Start importing Assets/Shaders/test.shadergraph using Guid(41499cd5c7d67fd47ab46ae8fd9ab6fd) Importer(815301076,1909f56bfc062723c751e8b465ee728b)  -> (artifact id: '80d4ab109fbd51e4cb4d7230e7cc04ad') in 0.009508 seconds 
========================================================================
Received Import Request.
  Time since last request: 85.057940 seconds.
  path: Assets/Shaders/test.shadergraph
  artifactKey: Guid(41499cd5c7d67fd47ab46ae8fd9ab6fd) Importer(815301076,1909f56bfc062723c751e8b465ee728b)
Start importing Assets/Shaders/test.shadergraph using Guid(41499cd5c7d67fd47ab46ae8fd9ab6fd) Importer(815301076,1909f56bfc062723c751e8b465ee728b)  -> (artifact id: 'c683dc29eaa88dc9b6982cf50a10ce15') in 0.005867 seconds 
========================================================================
Received Import Request.
  Time since last request: 23.640965 seconds.
  path: Assets/Shaders/Shader Graphs_test.mat
  artifactKey: Guid(4828dd93c46c1614894f9e17c922a8ad) Importer(815301076,1909f56bfc062723c751e8b465ee728b)
Start importing Assets/Shaders/Shader Graphs_test.mat using Guid(4828dd93c46c1614894f9e17c922a8ad) Importer(815301076,1909f56bfc062723c751e8b465ee728b)  -> (artifact id: '96c3f34c635c0a5cbe13e0a417611451') in 1.620985 seconds 
========================================================================
Received Import Request.
  Time since last request: 519.764678 seconds.
  path: Assets/Shaders/TextureMask.mat
  artifactKey: Guid(eaa3c4544a94fbe41b430b53ae3f583f) Importer(815301076,1909f56bfc062723c751e8b465ee728b)
Start importing Assets/Shaders/TextureMask.mat using Guid(eaa3c4544a94fbe41b430b53ae3f583f) Importer(815301076,1909f56bfc062723c751e8b465ee728b)  -> (artifact id: 'd8c0b3cc189ded02765bb841b43ba1b5') in 0.017094 seconds 
========================================================================
Received Import Request.
  Time since last request: 25.573650 seconds.
  path: Assets/Shaders/Shader Graphs_test.mat
  artifactKey: Guid(4828dd93c46c1614894f9e17c922a8ad) Importer(815301076,1909f56bfc062723c751e8b465ee728b)
Start importing Assets/Shaders/Shader Graphs_test.mat using Guid(4828dd93c46c1614894f9e17c922a8ad) Importer(815301076,1909f56bfc062723c751e8b465ee728b)  -> (artifact id: '11a503d1b5a58adaaa83600bb6d3e075') in 1.775850 seconds 
========================================================================
Received Import Request.
  Time since last request: 970.030658 seconds.
  path: Assets/Materials/PBR/Tile_pbr.mat
  artifactKey: Guid(88033feb822d1554d8b68417d8fe5b0d) Importer(815301076,1909f56bfc062723c751e8b465ee728b)
Start importing Assets/Materials/PBR/Tile_pbr.mat using Guid(88033feb822d1554d8b68417d8fe5b0d) Importer(815301076,1909f56bfc062723c751e8b465ee728b)  -> (artifact id: '977d1c00f3798b5bbe9c14cd9b9c5679') in 2.168432 seconds 
========================================================================
Received Import Request.
  Time since last request: 8.567630 seconds.
  path: Assets/Materials/PBR/Tile_pbr_rain.mat
  artifactKey: Guid(88033feb822d1554d8b68417d8fe5b0d) Importer(815301076,1909f56bfc062723c751e8b465ee728b)
Start importing Assets/Materials/PBR/Tile_pbr_rain.mat using Guid(88033feb822d1554d8b68417d8fe5b0d) Importer(815301076,1909f56bfc062723c751e8b465ee728b)  -> (artifact id: '0f397cfbf8ac401e90c95e7466b69768') in 0.034560 seconds 
========================================================================
Received Import Request.
  Time since last request: 0.655836 seconds.
  path: Assets/Materials/PBR/Tile_pbr_rain 1.mat
  artifactKey: Guid(f1acadac527dcda4ab83f97f4b2e2299) Importer(815301076,1909f56bfc062723c751e8b465ee728b)
Start importing Assets/Materials/PBR/Tile_pbr_rain 1.mat using Guid(f1acadac527dcda4ab83f97f4b2e2299) Importer(815301076,1909f56bfc062723c751e8b465ee728b)  -> (artifact id: '3a74566109f2fac9adf5dc74b70b7b4d') in 0.031905 seconds 
========================================================================
Received Import Request.
  Time since last request: 5.866054 seconds.
  path: Assets/Materials/PBR/Tile_pbr_snow.mat
  artifactKey: Guid(f1acadac527dcda4ab83f97f4b2e2299) Importer(815301076,1909f56bfc062723c751e8b465ee728b)
Start importing Assets/Materials/PBR/Tile_pbr_snow.mat using Guid(f1acadac527dcda4ab83f97f4b2e2299) Importer(815301076,1909f56bfc062723c751e8b465ee728b)  -> (artifact id: '9343b1325806440c53d2659122b5f8ee') in 0.031993 seconds 
========================================================================
Received Import Request.
  Time since last request: 29.723969 seconds.
  path: Assets/Materials/PBR/Tile_pbr_snow.mat
  artifactKey: Guid(f1acadac527dcda4ab83f97f4b2e2299) Importer(815301076,1909f56bfc062723c751e8b465ee728b)
Start importing Assets/Materials/PBR/Tile_pbr_snow.mat using Guid(f1acadac527dcda4ab83f97f4b2e2299) Importer(815301076,1909f56bfc062723c751e8b465ee728b)  -> (artifact id: '0f0a7e578400c95b68de5bf1d03cb8bc') in 0.027474 seconds 
========================================================================
Received Import Request.
  Time since last request: 5.890410 seconds.
  path: Assets/Materials/PBR/Tile_pbr_snow.mat
  artifactKey: Guid(f1acadac527dcda4ab83f97f4b2e2299) Importer(815301076,1909f56bfc062723c751e8b465ee728b)
Start importing Assets/Materials/PBR/Tile_pbr_snow.mat using Guid(f1acadac527dcda4ab83f97f4b2e2299) Importer(815301076,1909f56bfc062723c751e8b465ee728b)  -> (artifact id: '0b0925714e067fcd70a8e4851250200a') in 0.028341 seconds 
========================================================================
Received Import Request.
  Time since last request: 257.155340 seconds.
  path: Assets/Materials/Shaders/Ammo_highlight.mat
  artifactKey: Guid(1578f8e0684cf3e419c8c2636a6fbce3) Importer(815301076,1909f56bfc062723c751e8b465ee728b)
Start importing Assets/Materials/Shaders/Ammo_highlight.mat using Guid(1578f8e0684cf3e419c8c2636a6fbce3) Importer(815301076,1909f56bfc062723c751e8b465ee728b)  -> (artifact id: '1f7823d353a15f3fa1d8fa22fcbfee51') in 0.223729 seconds 
========================================================================
Received Import Request.
  Time since last request: 0.000043 seconds.
  path: Assets/Materials/Shaders/HandMaterial.mat
  artifactKey: Guid(898253f5bfe68a648b21ff1cfa300252) Importer(815301076,1909f56bfc062723c751e8b465ee728b)
Start importing Assets/Materials/Shaders/HandMaterial.mat using Guid(898253f5bfe68a648b21ff1cfa300252) Importer(815301076,1909f56bfc062723c751e8b465ee728b)  -> (artifact id: '893493251a226c17d2037fd21d05d03a') in 0.120034 seconds 
========================================================================
Received Import Request.
  Time since last request: 8.698214 seconds.
  path: Assets/Shaders/TextureMask.mat
  artifactKey: Guid(eaa3c4544a94fbe41b430b53ae3f583f) Importer(815301076,1909f56bfc062723c751e8b465ee728b)
Start importing Assets/Shaders/TextureMask.mat using Guid(eaa3c4544a94fbe41b430b53ae3f583f) Importer(815301076,1909f56bfc062723c751e8b465ee728b)  -> (artifact id: '345c77b001e2cf1d84c5bdae2888aa3f') in 0.019490 seconds 
========================================================================
Received Import Request.
  Time since last request: 2.591686 seconds.
  path: Assets/Shaders/test.shadergraph
  artifactKey: Guid(41499cd5c7d67fd47ab46ae8fd9ab6fd) Importer(815301076,1909f56bfc062723c751e8b465ee728b)
Start importing Assets/Shaders/test.shadergraph using Guid(41499cd5c7d67fd47ab46ae8fd9ab6fd) Importer(815301076,1909f56bfc062723c751e8b465ee728b)  -> (artifact id: '613b17e3c20abca7a8e622178b44f312') in 0.004054 seconds 
========================================================================
Received Import Request.
  Time since last request: 1.651262 seconds.
  path: Assets/Shaders/Shader Graphs_test.mat
  artifactKey: Guid(4828dd93c46c1614894f9e17c922a8ad) Importer(815301076,1909f56bfc062723c751e8b465ee728b)
Start importing Assets/Shaders/Shader Graphs_test.mat using Guid(4828dd93c46c1614894f9e17c922a8ad) Importer(815301076,1909f56bfc062723c751e8b465ee728b)  -> (artifact id: 'eeafe0195218ee5d0e044d84b8a82749') in 0.018188 seconds 
========================================================================
Received Import Request.
  Time since last request: 5.906683 seconds.
  path: Assets/Shaders/PlayerMASK.shadergraph
  artifactKey: Guid(30569fef5b1dbf44fbcbd441c6fdf90b) Importer(815301076,1909f56bfc062723c751e8b465ee728b)
Start importing Assets/Shaders/PlayerMASK.shadergraph using Guid(30569fef5b1dbf44fbcbd441c6fdf90b) Importer(815301076,1909f56bfc062723c751e8b465ee728b)  -> (artifact id: '7b110c7d09ca56ef79bd246c43f44581') in 0.006063 seconds 
