Using pre-set license
Built from '2020.3/staging' branch; Version is '2020.3.13f1 (71691879b7f5) revision 7432472'; Using compiler version '192528614'; Build Type 'Release'
OS: 'Windows 10 Pro; OS build 19043.1466; Version 2009; 64bit' Language: 'ru' Physical Memory: 32665 MB
BatchMode: 1, IsHumanControllingUs: 0, StartBugReporterOnCrash: 0, Is64bit: 1, IsPro: 0

 COMMAND LINE ARGUMENTS:
C:\Program Files\Unity\Hub\Editor\2020.3.13f1\Editor\Unity.exe
-adb2
-batchMode
-noUpm
-name
AssetImportWorker0
-projectPath
E:/Projects/ShadersLib
-logFile
Logs/AssetImportWorker0.log
-srvPort
54855
Successfully changed project path to: E:/Projects/ShadersLib
E:/Projects/ShadersLib
Using Asset Import Pipeline V2.
Refreshing native plugins compatible for Editor in 66.78 ms, found 2 plugins.
Preloading 0 native plugins for Editor in 0.00 ms.
Initialize engine version: 2020.3.13f1 (71691879b7f5)
[Subsystems] Discovering subsystems at path C:/Program Files/Unity/Hub/Editor/2020.3.13f1/Editor/Data/Resources/UnitySubsystems
[Subsystems] Discovering subsystems at path E:/Projects/ShadersLib/Assets
GfxDevice: creating device client; threaded=0
Direct3D:
    Version:  Direct3D 11.0 [level 11.1]
    Renderer: NVIDIA GeForce GTX 1660 SUPER (ID=0x21c4)
    Vendor:   
    VRAM:     5991 MB
    Driver:   27.21.14.6089
Shader 'Universal Render Pipeline/Particles/Lit': fallback shader 'Universal Render Pipeline/Particles/SimpleLit' not found
Initialize mono
Mono path[0] = 'C:/Program Files/Unity/Hub/Editor/2020.3.13f1/Editor/Data/Managed'
Mono path[1] = 'C:/Program Files/Unity/Hub/Editor/2020.3.13f1/Editor/Data/MonoBleedingEdge/lib/mono/unityjit'
Mono config path = 'C:/Program Files/Unity/Hub/Editor/2020.3.13f1/Editor/Data/MonoBleedingEdge/etc'
Using monoOptions --debugger-agent=transport=dt_socket,embedding=1,server=y,suspend=n,address=127.0.0.1:56816
Begin MonoManager ReloadAssembly
Registering precompiled unity dll's ...
Register platform support module: C:/Program Files/Unity/Hub/Editor/2020.3.13f1/Editor/Data/PlaybackEngines/WebGLSupport/UnityEditor.WebGL.Extensions.dll
Register platform support module: C:/Program Files/Unity/Hub/Editor/2020.3.13f1/Editor/Data/PlaybackEngines/WindowsStandaloneSupport/UnityEditor.WindowsStandalone.Extensions.dll
Registered in 0.001576 seconds.
Native extension for WindowsStandalone target not found
Native extension for WebGL target not found
Refreshing native plugins compatible for Editor in 59.81 ms, found 2 plugins.
Preloading 0 native plugins for Editor in 0.00 ms.
Mono: successfully reloaded assembly
- Completed reload, in  1.402 seconds
Platform modules already initialized, skipping
Registering precompiled user dll's ...
Registered in 0.002906 seconds.
Begin MonoManager ReloadAssembly
Native extension for WindowsStandalone target not found
Native extension for WebGL target not found
Refreshing native plugins compatible for Editor in 63.74 ms, found 2 plugins.
Preloading 0 native plugins for Editor in 0.00 ms.
Mono: successfully reloaded assembly
- Completed reload, in  0.972 seconds
Platform modules already initialized, skipping
========================================================================
Worker process is ready to serve import requests
Shader 'Universal Render Pipeline/Particles/Lit': fallback shader 'Universal Render Pipeline/Particles/SimpleLit' not found
Launched and connected shader compiler UnityShaderCompiler.exe after 0.03 seconds
Refreshing native plugins compatible for Editor in 0.66 ms, found 2 plugins.
Preloading 0 native plugins for Editor in 0.00 ms.
Unloading 3445 Unused Serialized files (Serialized files now loaded: 0)
System memory in use before: 239.6 MB.
System memory in use after: 222.2 MB.

Unloading 95 unused Assets to reduce memory usage. Loaded Objects now: 3825.
Total: 14.359000 ms (FindLiveObjects: 0.312900 ms CreateObjectMapping: 0.166700 ms MarkObjects: 1.693600 ms  DeleteObjects: 12.184900 ms)

AssetImportParameters requested are different than current active one (requested -> active):
  custom:framework-win-MediaFoundation: 216162199b28c13a410421893ffa2e32 -> 
  custom:video-decoder-ogg-theora: a1e56fd34408186e4bbccfd4996cb3dc -> 
  custom:container-muxer-webm: aa71ff27fc2769a1b78a27578f13a17b -> 
  custom:container-demuxer-webm: 4f35f7cbe854078d1ac9338744f61a02 -> 
  custom:container-demuxer-ogg: 62fdf1f143b41e24485cea50d1cbac27 -> 
  custom:video-encoder-webm-vp8: eb34c28f22e8b96e1ab97ce403110664 -> 
  custom:video-decoder-webm-vp8: 9c59270c3fd7afecdb556c50c9e8de78 -> 
  custom:audio-decoder-ogg-vorbis: bf7c407c2cedff20999df2af8eb42d56 -> 
  custom:audio-encoder-webm-vorbis: bf7c407c2cedff20999df2af8eb42d56 -> 
========================================================================
Received Import Request.
  path: Assets/Shaders/LineFollower.mat
  artifactKey: Guid(b268afb2e57cbc94e8f02045fd01007c) Importer(815301076,1909f56bfc062723c751e8b465ee728b)
Start importing Assets/Shaders/LineFollower.mat using Guid(b268afb2e57cbc94e8f02045fd01007c) Importer(815301076,1909f56bfc062723c751e8b465ee728b)  -> (artifact id: '07dd52e4c08f187c3e9924aa57fdee38') in 0.175669 seconds 
  Import took 0.180819 seconds .

========================================================================
Received Import Request.
  Time since last request: 12.189125 seconds.
  path: Assets/Shaders/Graphs/FakeLiquid.shadergraph
  artifactKey: Guid(2014f0be7ea602c4cb90abb1e09d0346) Importer(815301076,1909f56bfc062723c751e8b465ee728b)
Start importing Assets/Shaders/Graphs/FakeLiquid.shadergraph using Guid(2014f0be7ea602c4cb90abb1e09d0346) Importer(815301076,1909f56bfc062723c751e8b465ee728b)  -> (artifact id: '0ad8b862c6575dc511e712cbedef8735') in 0.007823 seconds 
  Import took 0.014519 seconds .

========================================================================
Received Import Request.
  Time since last request: 6.065114 seconds.
  path: Assets/Scenes/ShadersScene/ReflectionProbe-0.exr
  artifactKey: Guid(373f0e128d7f1094cb38e943d1fc6bf3) Importer(815301076,1909f56bfc062723c751e8b465ee728b)
Start importing Assets/Scenes/ShadersScene/ReflectionProbe-0.exr using Guid(373f0e128d7f1094cb38e943d1fc6bf3) Importer(815301076,1909f56bfc062723c751e8b465ee728b)  -> (artifact id: '66559685ae577b6f384734b2ba2a95c4') in 0.022318 seconds 
  Import took 0.027192 seconds .

========================================================================
Received Import Request.
  Time since last request: 0.005944 seconds.
  path: Assets/Scenes/ShadersScene/ReflectionProbe-0.exr
  artifactKey: Guid(373f0e128d7f1094cb38e943d1fc6bf3) Importer(815301076,1909f56bfc062723c751e8b465ee728b)
Start importing Assets/Scenes/ShadersScene/ReflectionProbe-0.exr using Guid(373f0e128d7f1094cb38e943d1fc6bf3) Importer(815301076,1909f56bfc062723c751e8b465ee728b)  -> (artifact id: '66559685ae577b6f384734b2ba2a95c4') in 0.010025 seconds 
  Import took 0.015236 seconds .

========================================================================
Received Import Request.
  Time since last request: 1248.028440 seconds.
  path: Assets/Shaders/FakeLiquid.mat
  artifactKey: Guid(4375c765fcdd09b48bfbf3a6e2594af7) Importer(815301076,1909f56bfc062723c751e8b465ee728b)
Start importing Assets/Shaders/FakeLiquid.mat using Guid(4375c765fcdd09b48bfbf3a6e2594af7) Importer(815301076,1909f56bfc062723c751e8b465ee728b)  -> (artifact id: 'bb89cb057ca5c1ac257b1e4ec35807bc') in 0.011348 seconds 
  Import took 0.017124 seconds .

========================================================================
Received Import Request.
  Time since last request: 6.122611 seconds.
  path: Assets/Shaders/FakeLiquidTop.mat
  artifactKey: Guid(adf420f57bdd1e642af1b49a8bce14fb) Importer(815301076,1909f56bfc062723c751e8b465ee728b)
Start importing Assets/Shaders/FakeLiquidTop.mat using Guid(adf420f57bdd1e642af1b49a8bce14fb) Importer(815301076,1909f56bfc062723c751e8b465ee728b)  -> (artifact id: 'e7b8127c9e4715c67ad9abda6e801007') in 0.011521 seconds 
  Import took 0.017319 seconds .

========================================================================
Received Import Request.
  Time since last request: 2226.025691 seconds.
  path: Assets/Scripts/Highlighter
  artifactKey: Guid(a01d8f69b30ff4a46bbc64dd009b2fd1) Importer(815301076,1909f56bfc062723c751e8b465ee728b)
Start importing Assets/Scripts/Highlighter using Guid(a01d8f69b30ff4a46bbc64dd009b2fd1) Importer(815301076,1909f56bfc062723c751e8b465ee728b)  -> (artifact id: '47473ecb218685421cdcca40b53a4b3a') in 0.004351 seconds 
  Import took 0.009801 seconds .

========================================================================
Received Import Request.
  Time since last request: 0.726170 seconds.
  path: Assets/Scripts/Highlighter/LayermaskHighlight.cs
  artifactKey: Guid(caf602c75de30ef4783b4a3107af3c82) Importer(815301076,1909f56bfc062723c751e8b465ee728b)
Start importing Assets/Scripts/Highlighter/LayermaskHighlight.cs using Guid(caf602c75de30ef4783b4a3107af3c82) Importer(815301076,1909f56bfc062723c751e8b465ee728b)  -> (artifact id: '5e226ad65300876eecb0e52da5f92140') in 0.012368 seconds 
  Import took 0.016816 seconds .

========================================================================
Received Prepare
Registering precompiled user dll's ...
Registered in 0.003108 seconds.
Begin MonoManager ReloadAssembly
Native extension for WindowsStandalone target not found
Native extension for WebGL target not found
Refreshing native plugins compatible for Editor in 0.87 ms, found 2 plugins.
Preloading 0 native plugins for Editor in 0.00 ms.
Mono: successfully reloaded assembly
- Completed reload, in  0.977 seconds
Platform modules already initialized, skipping
Shader 'Universal Render Pipeline/Particles/Lit': fallback shader 'Universal Render Pipeline/Particles/SimpleLit' not found
Refreshing native plugins compatible for Editor in 0.68 ms, found 2 plugins.
Preloading 0 native plugins for Editor in 0.00 ms.
Unloading 3127 Unused Serialized files (Serialized files now loaded: 0)
System memory in use before: 217.5 MB.
System memory in use after: 200.1 MB.

Unloading 90 unused Assets to reduce memory usage. Loaded Objects now: 3908.
Total: 14.703000 ms (FindLiveObjects: 0.342700 ms CreateObjectMapping: 0.153400 ms MarkObjects: 1.886200 ms  DeleteObjects: 12.319600 ms)

AssetImportParameters requested are different than current active one (requested -> active):
  custom:framework-win-MediaFoundation: 216162199b28c13a410421893ffa2e32 -> 
  custom:video-decoder-ogg-theora: a1e56fd34408186e4bbccfd4996cb3dc -> 
  custom:container-muxer-webm: aa71ff27fc2769a1b78a27578f13a17b -> 
  custom:container-demuxer-webm: 4f35f7cbe854078d1ac9338744f61a02 -> 
  custom:container-demuxer-ogg: 62fdf1f143b41e24485cea50d1cbac27 -> 
  custom:video-encoder-webm-vp8: eb34c28f22e8b96e1ab97ce403110664 -> 
  custom:video-decoder-webm-vp8: 9c59270c3fd7afecdb556c50c9e8de78 -> 
  custom:audio-decoder-ogg-vorbis: bf7c407c2cedff20999df2af8eb42d56 -> 
  custom:audio-encoder-webm-vorbis: bf7c407c2cedff20999df2af8eb42d56 -> 
========================================================================
Received Import Request.
  Time since last request: 5309.351111 seconds.
  path: Assets/Scripts/Highlighter/LayermaskHighlight.cs
  artifactKey: Guid(caf602c75de30ef4783b4a3107af3c82) Importer(815301076,1909f56bfc062723c751e8b465ee728b)
Start importing Assets/Scripts/Highlighter/LayermaskHighlight.cs using Guid(caf602c75de30ef4783b4a3107af3c82) Importer(815301076,1909f56bfc062723c751e8b465ee728b)  -> (artifact id: '545e1ffb9c28c7a927a701325a8ffaa0') in 0.004136 seconds 
  Import took 0.008140 seconds .

AssetImportWorkerClient::OnTransportError - code=2 error=End of file
